<?xml version="1.0" encoding="UTF-8"?>
<TestRun id="efa385a6-006c-497e-b44e-036281a4850f" name="18ochapala@D22-P01 2019-10-16 14:22:30" runUser="ESTRANSUP\18ochapala" xmlns="http://microsoft.com/schemas/VisualStudio/TeamTest/2010">
  <TestSettings name="Local" id="5496a725-e6d4-4eb9-a855-6f81fb958bc6">
    <Description>Il s'agit des paramètres de test par défaut pour une série de tests locale.</Description>
    <Deployment enabled="false" runDeploymentRoot="18ochapala_D22-P01 2019-10-16 14_22_30">
      <DeploymentItem filename="C:\Users\18ochapala\documents\visual studio 2010\Projects\TestUnitaires1\TestUnitaires1\bin\Debug\TestUnitaires1.dll" />
    </Deployment>
    <Execution>
      <TestTypeSpecific />
      <AgentRule name="Execution Agents">
      </AgentRule>
    </Execution>
  </TestSettings>
  <Times creation="2019-10-16T14:22:30.3172176+02:00" queuing="2019-10-16T14:22:30.3511262+02:00" start="2019-10-16T14:22:30.3581073+02:00" finish="2019-10-16T14:22:30.5779050+02:00" />
  <ResultSummary outcome="Completed">
    <Counters total="2" executed="2" passed="2" error="0" failed="0" timeout="0" aborted="0" inconclusive="0" passedButRunAborted="0" notRunnable="0" notExecuted="0" disconnected="0" warning="0" completed="0" inProgress="0" pending="0" />
  </ResultSummary>
  <TestDefinitions>
    <UnitTest name="PuissanceTest" storage="c:\users\18ochapala\documents\visual studio 2010\projects\testunitaires1\testproject1\bin\debug\testproject1.dll" id="1682e142-c0ee-ed6b-17a8-03a62702c92e">
      <Execution id="76f6f134-b86d-4735-992c-d30f16fcec5c" />
      <TestMethod codeBase="C:/Users/18ochapala/documents/visual studio 2010/Projects/TestUnitaires1/TestProject1/bin/Debug/TestProject1.DLL" adapterTypeName="Microsoft.VisualStudio.TestTools.TestTypes.Unit.UnitTestAdapter, Microsoft.VisualStudio.QualityTools.Tips.UnitTest.Adapter, Version=10.0.0.0, Culture=neutral, PublicKeyToken=b03f5f7f11d50a3a" className="TestProject1.operationsTest, TestProject1, Version=1.0.0.0, Culture=neutral, PublicKeyToken=null" name="PuissanceTest" />
    </UnitTest>
    <UnitTest name="CarreTest" storage="c:\users\18ochapala\documents\visual studio 2010\projects\testunitaires1\testproject1\bin\debug\testproject1.dll" id="c4426f4f-2825-b3cd-7e89-794c4b7a3c4f">
      <Execution id="dca3dec5-7d8f-48cf-9c2a-56d671f81a24" />
      <TestMethod codeBase="C:/Users/18ochapala/documents/visual studio 2010/Projects/TestUnitaires1/TestProject1/bin/Debug/TestProject1.DLL" adapterTypeName="Microsoft.VisualStudio.TestTools.TestTypes.Unit.UnitTestAdapter, Microsoft.VisualStudio.QualityTools.Tips.UnitTest.Adapter, Version=10.0.0.0, Culture=neutral, PublicKeyToken=b03f5f7f11d50a3a" className="TestProject1.operationsTest, TestProject1, Version=1.0.0.0, Culture=neutral, PublicKeyToken=null" name="CarreTest" />
    </UnitTest>
  </TestDefinitions>
  <TestLists>
    <TestList name="Les résultats ne figurent pas dans une liste" id="8c84fa94-04c1-424b-9868-57a2d4851a1d" />
    <TestList name="Tous les résultats chargés" id="19431567-8539-422a-85d7-44ee4e166bda" />
  </TestLists>
  <TestEntries>
    <TestEntry testId="1682e142-c0ee-ed6b-17a8-03a62702c92e" executionId="76f6f134-b86d-4735-992c-d30f16fcec5c" testListId="8c84fa94-04c1-424b-9868-57a2d4851a1d" />
    <TestEntry testId="c4426f4f-2825-b3cd-7e89-794c4b7a3c4f" executionId="dca3dec5-7d8f-48cf-9c2a-56d671f81a24" testListId="8c84fa94-04c1-424b-9868-57a2d4851a1d" />
  </TestEntries>
  <Results>
    <UnitTestResult executionId="76f6f134-b86d-4735-992c-d30f16fcec5c" testId="1682e142-c0ee-ed6b-17a8-03a62702c92e" testName="PuissanceTest" computerName="D22-P01" duration="00:00:00.0084789" startTime="2019-10-16T14:22:30.3710722+02:00" endTime="2019-10-16T14:22:30.5306450+02:00" testType="13cdc9d9-ddb5-4fa4-a97d-d965ccfc6d4b" outcome="Passed" testListId="8c84fa94-04c1-424b-9868-57a2d4851a1d" relativeResultsDirectory="76f6f134-b86d-4735-992c-d30f16fcec5c">
    </UnitTestResult>
    <UnitTestResult executionId="dca3dec5-7d8f-48cf-9c2a-56d671f81a24" testId="c4426f4f-2825-b3cd-7e89-794c4b7a3c4f" testName="CarreTest" computerName="D22-P01" duration="00:00:00.0005302" startTime="2019-10-16T14:22:30.5360119+02:00" endTime="2019-10-16T14:22:30.5400059+02:00" testType="13cdc9d9-ddb5-4fa4-a97d-d965ccfc6d4b" outcome="Passed" testListId="8c84fa94-04c1-424b-9868-57a2d4851a1d" relativeResultsDirectory="dca3dec5-7d8f-48cf-9c2a-56d671f81a24">
    </UnitTestResult>
  </Results>
</TestRun>