<?xml version="1.0" encoding="UTF-8"?>
<TestRun id="33831ab0-40ed-45f8-8e86-7a7419bd5394" name="18ochapala@D22-P01 2019-10-16 14:21:19" runUser="ESTRANSUP\18ochapala" xmlns="http://microsoft.com/schemas/VisualStudio/TeamTest/2010">
  <TestSettings name="Local" id="5496a725-e6d4-4eb9-a855-6f81fb958bc6">
    <Description>Il s'agit des paramètres de test par défaut pour une série de tests locale.</Description>
    <Deployment enabled="false" runDeploymentRoot="18ochapala_D22-P01 2019-10-16 14_21_19">
      <DeploymentItem filename="C:\Users\18ochapala\documents\visual studio 2010\Projects\TestUnitaires1\TestUnitaires1\bin\Debug\TestUnitaires1.dll" />
    </Deployment>
    <Execution>
      <TestTypeSpecific />
      <AgentRule name="Execution Agents">
      </AgentRule>
    </Execution>
  </TestSettings>
  <Times creation="2019-10-16T14:21:19.6358246+02:00" queuing="2019-10-16T14:21:19.6791298+02:00" start="2019-10-16T14:21:19.6841207+02:00" finish="2019-10-16T14:21:19.9209927+02:00" />
  <ResultSummary outcome="Failed">
    <Counters total="2" executed="2" passed="1" error="0" failed="1" timeout="0" aborted="0" inconclusive="0" passedButRunAborted="0" notRunnable="0" notExecuted="0" disconnected="0" warning="0" completed="0" inProgress="0" pending="0" />
  </ResultSummary>
  <TestDefinitions>
    <UnitTest name="PuissanceTest" storage="c:\users\18ochapala\documents\visual studio 2010\projects\testunitaires1\testproject1\bin\debug\testproject1.dll" id="1682e142-c0ee-ed6b-17a8-03a62702c92e">
      <Execution id="db7e6ca6-a4a1-4e33-bf20-af7af2299380" />
      <TestMethod codeBase="C:/Users/18ochapala/documents/visual studio 2010/Projects/TestUnitaires1/TestProject1/bin/Debug/TestProject1.DLL" adapterTypeName="Microsoft.VisualStudio.TestTools.TestTypes.Unit.UnitTestAdapter, Microsoft.VisualStudio.QualityTools.Tips.UnitTest.Adapter, Version=10.0.0.0, Culture=neutral, PublicKeyToken=b03f5f7f11d50a3a" className="TestProject1.operationsTest, TestProject1, Version=1.0.0.0, Culture=neutral, PublicKeyToken=null" name="PuissanceTest" />
    </UnitTest>
    <UnitTest name="CarreTest" storage="c:\users\18ochapala\documents\visual studio 2010\projects\testunitaires1\testproject1\bin\debug\testproject1.dll" id="c4426f4f-2825-b3cd-7e89-794c4b7a3c4f">
      <Execution id="76847089-683c-4d80-a922-98ddc9810ab3" />
      <TestMethod codeBase="C:/Users/18ochapala/documents/visual studio 2010/Projects/TestUnitaires1/TestProject1/bin/Debug/TestProject1.DLL" adapterTypeName="Microsoft.VisualStudio.TestTools.TestTypes.Unit.UnitTestAdapter, Microsoft.VisualStudio.QualityTools.Tips.UnitTest.Adapter, Version=10.0.0.0, Culture=neutral, PublicKeyToken=b03f5f7f11d50a3a" className="TestProject1.operationsTest, TestProject1, Version=1.0.0.0, Culture=neutral, PublicKeyToken=null" name="CarreTest" />
    </UnitTest>
  </TestDefinitions>
  <TestLists>
    <TestList name="Les résultats ne figurent pas dans une liste" id="8c84fa94-04c1-424b-9868-57a2d4851a1d" />
    <TestList name="Tous les résultats chargés" id="19431567-8539-422a-85d7-44ee4e166bda" />
  </TestLists>
  <TestEntries>
    <TestEntry testId="1682e142-c0ee-ed6b-17a8-03a62702c92e" executionId="db7e6ca6-a4a1-4e33-bf20-af7af2299380" testListId="8c84fa94-04c1-424b-9868-57a2d4851a1d" />
    <TestEntry testId="c4426f4f-2825-b3cd-7e89-794c4b7a3c4f" executionId="76847089-683c-4d80-a922-98ddc9810ab3" testListId="8c84fa94-04c1-424b-9868-57a2d4851a1d" />
  </TestEntries>
  <Results>
    <UnitTestResult executionId="db7e6ca6-a4a1-4e33-bf20-af7af2299380" testId="1682e142-c0ee-ed6b-17a8-03a62702c92e" testName="PuissanceTest" computerName="D22-P01" duration="00:00:00.0190979" startTime="2019-10-16T14:21:19.6990791+02:00" endTime="2019-10-16T14:21:19.8801044+02:00" testType="13cdc9d9-ddb5-4fa4-a97d-d965ccfc6d4b" outcome="Failed" testListId="8c84fa94-04c1-424b-9868-57a2d4851a1d" relativeResultsDirectory="db7e6ca6-a4a1-4e33-bf20-af7af2299380">
      <Output>
        <ErrorInfo>
          <Message>Échec de Assert.AreEqual. Attendu : &lt;0&gt;, Réel : &lt;1&gt;. </Message>
          <StackTrace>   à TestProject1.operationsTest.PuissanceTest() dans C:\Users\18ochapala\documents\visual studio 2010\Projects\TestUnitaires1\TestProject1\operationsTest.vb:ligne 91
</StackTrace>
        </ErrorInfo>
      </Output>
    </UnitTestResult>
    <UnitTestResult executionId="76847089-683c-4d80-a922-98ddc9810ab3" testId="c4426f4f-2825-b3cd-7e89-794c4b7a3c4f" testName="CarreTest" computerName="D22-P01" duration="00:00:00.0004204" startTime="2019-10-16T14:21:19.8880841+02:00" endTime="2019-10-16T14:21:19.8910725+02:00" testType="13cdc9d9-ddb5-4fa4-a97d-d965ccfc6d4b" outcome="Passed" testListId="8c84fa94-04c1-424b-9868-57a2d4851a1d" relativeResultsDirectory="76847089-683c-4d80-a922-98ddc9810ab3">
    </UnitTestResult>
  </Results>
</TestRun>